2011-04-05 14:39:20 Warning: Warning (2): include_once(D:\xampp\htdocs\iproperty\app\config\database.php) [<a href='http://php.net/function.include-once'>function.include-once</a>]: failed to open stream: No such file or directory in [D:\xampp\htdocs\iproperty\cake\libs\model\connection_manager.php, line 23]
2011-04-05 14:39:20 Warning: Warning (2): include_once() [<a href='http://php.net/function.include'>function.include</a>]: Failed opening 'D:\xampp\htdocs\iproperty\app\config\database.php' for inclusion (include_path='D:\xampp\htdocs\iproperty;D:\xampp\htdocs\iproperty\app\;.;D:\xampp\php\pear\') in [D:\xampp\htdocs\iproperty\cake\libs\model\connection_manager.php, line 23]
2011-04-05 14:39:20 Error: Fatal Error (256): ConnectionManager::getDataSource - Non-existent data source default in [D:\xampp\htdocs\iproperty\cake\libs\model\connection_manager.php, line 102]
2011-04-05 14:39:27 Warning: Warning (2): include_once(D:\xampp\htdocs\iproperty\app\config\database.php) [<a href='http://php.net/function.include-once'>function.include-once</a>]: failed to open stream: No such file or directory in [D:\xampp\htdocs\iproperty\cake\libs\model\connection_manager.php, line 23]
2011-04-05 14:39:27 Warning: Warning (2): include_once() [<a href='http://php.net/function.include'>function.include</a>]: Failed opening 'D:\xampp\htdocs\iproperty\app\config\database.php' for inclusion (include_path='D:\xampp\htdocs\iproperty;D:\xampp\htdocs\iproperty\app\;.;D:\xampp\php\pear\') in [D:\xampp\htdocs\iproperty\cake\libs\model\connection_manager.php, line 23]
2011-04-05 14:39:27 Error: Fatal Error (256): ConnectionManager::getDataSource - Non-existent data source default in [D:\xampp\htdocs\iproperty\cake\libs\model\connection_manager.php, line 102]
2011-04-05 14:40:10 Warning: Warning (2): include_once(D:\xampp\htdocs\iproperty\app\config\database.php) [<a href='http://php.net/function.include-once'>function.include-once</a>]: failed to open stream: No such file or directory in [D:\xampp\htdocs\iproperty\cake\libs\model\connection_manager.php, line 23]
2011-04-05 14:40:10 Warning: Warning (2): include_once() [<a href='http://php.net/function.include'>function.include</a>]: Failed opening 'D:\xampp\htdocs\iproperty\app\config\database.php' for inclusion (include_path='D:\xampp\htdocs\iproperty;D:\xampp\htdocs\iproperty\app\;.;D:\xampp\php\pear\') in [D:\xampp\htdocs\iproperty\cake\libs\model\connection_manager.php, line 23]
2011-04-05 14:40:10 Error: Fatal Error (256): ConnectionManager::getDataSource - Non-existent data source default in [D:\xampp\htdocs\iproperty\cake\libs\model\connection_manager.php, line 102]
2011-04-05 14:40:11 Warning: Warning (2): include_once(D:\xampp\htdocs\iproperty\app\config\database.php) [<a href='http://php.net/function.include-once'>function.include-once</a>]: failed to open stream: No such file or directory in [D:\xampp\htdocs\iproperty\cake\libs\model\connection_manager.php, line 23]
2011-04-05 14:40:11 Warning: Warning (2): include_once() [<a href='http://php.net/function.include'>function.include</a>]: Failed opening 'D:\xampp\htdocs\iproperty\app\config\database.php' for inclusion (include_path='D:\xampp\htdocs\iproperty;D:\xampp\htdocs\iproperty\app\;.;D:\xampp\php\pear\') in [D:\xampp\htdocs\iproperty\cake\libs\model\connection_manager.php, line 23]
2011-04-05 14:40:11 Error: Fatal Error (256): ConnectionManager::getDataSource - Non-existent data source default in [D:\xampp\htdocs\iproperty\cake\libs\model\connection_manager.php, line 102]
2011-04-05 14:40:11 Warning: Warning (2): include_once(D:\xampp\htdocs\iproperty\app\config\database.php) [<a href='http://php.net/function.include-once'>function.include-once</a>]: failed to open stream: No such file or directory in [D:\xampp\htdocs\iproperty\cake\libs\model\connection_manager.php, line 23]
2011-04-05 14:40:11 Warning: Warning (2): include_once() [<a href='http://php.net/function.include'>function.include</a>]: Failed opening 'D:\xampp\htdocs\iproperty\app\config\database.php' for inclusion (include_path='D:\xampp\htdocs\iproperty;D:\xampp\htdocs\iproperty\app\;.;D:\xampp\php\pear\') in [D:\xampp\htdocs\iproperty\cake\libs\model\connection_manager.php, line 23]
2011-04-05 14:40:11 Error: Fatal Error (256): ConnectionManager::getDataSource - Non-existent data source default in [D:\xampp\htdocs\iproperty\cake\libs\model\connection_manager.php, line 102]
2011-04-05 14:40:12 Warning: Warning (2): include_once(D:\xampp\htdocs\iproperty\app\config\database.php) [<a href='http://php.net/function.include-once'>function.include-once</a>]: failed to open stream: No such file or directory in [D:\xampp\htdocs\iproperty\cake\libs\model\connection_manager.php, line 23]
2011-04-05 14:40:12 Warning: Warning (2): include_once() [<a href='http://php.net/function.include'>function.include</a>]: Failed opening 'D:\xampp\htdocs\iproperty\app\config\database.php' for inclusion (include_path='D:\xampp\htdocs\iproperty;D:\xampp\htdocs\iproperty\app\;.;D:\xampp\php\pear\') in [D:\xampp\htdocs\iproperty\cake\libs\model\connection_manager.php, line 23]
2011-04-05 14:40:12 Error: Fatal Error (256): ConnectionManager::getDataSource - Non-existent data source default in [D:\xampp\htdocs\iproperty\cake\libs\model\connection_manager.php, line 102]
2011-04-05 14:50:52 Warning: Warning (2): include_once(D:\xampp\htdocs\iproperty\app\config\database.php) [<a href='http://php.net/function.include-once'>function.include-once</a>]: failed to open stream: No such file or directory in [D:\xampp\htdocs\iproperty\cake\libs\model\connection_manager.php, line 23]
2011-04-05 14:50:52 Warning: Warning (2): include_once() [<a href='http://php.net/function.include'>function.include</a>]: Failed opening 'D:\xampp\htdocs\iproperty\app\config\database.php' for inclusion (include_path='D:\xampp\htdocs\iproperty;D:\xampp\htdocs\iproperty\app\;.;D:\xampp\php\pear\') in [D:\xampp\htdocs\iproperty\cake\libs\model\connection_manager.php, line 23]
2011-04-05 14:50:52 Error: Fatal Error (256): ConnectionManager::getDataSource - Non-existent data source default in [D:\xampp\htdocs\iproperty\cake\libs\model\connection_manager.php, line 102]
2011-04-08 15:18:03 Warning: Warning (2): preg_match() [<a href='http://php.net/function.preg-match'>function.preg-match</a>]: Delimiter must not be alphanumeric or backslash in [D:\xampp\htdocs\iproperty\cake\libs\model\model.php, line 2611]
2011-04-08 15:22:18 Warning: Warning (2): preg_match() [<a href='http://php.net/function.preg-match'>function.preg-match</a>]: Delimiter must not be alphanumeric or backslash in [D:\xampp\htdocs\iproperty\cake\libs\model\model.php, line 2611]
2011-04-08 15:23:04 Warning: Warning (2): preg_match() [<a href='http://php.net/function.preg-match'>function.preg-match</a>]: Delimiter must not be alphanumeric or backslash in [D:\xampp\htdocs\iproperty\cake\libs\model\model.php, line 2611]
2011-04-08 15:54:14 Warning: Warning (2): Missing argument 1 for BacksController::insert() in [D:\xampp\htdocs\iproperty\app\controllers\backs_controller.php, line 13]
2011-04-08 15:54:23 Warning: Warning (2): Missing argument 1 for BacksController::insert() in [D:\xampp\htdocs\iproperty\app\controllers\backs_controller.php, line 13]
2011-04-08 15:54:32 Warning: Warning (2): Missing argument 1 for BacksController::insert() in [D:\xampp\htdocs\iproperty\app\controllers\backs_controller.php, line 13]
2011-04-08 15:54:32 Warning: Warning (2): Cannot modify header information - headers already sent by (output started at D:\xampp\htdocs\iproperty\cake\libs\debugger.php:673) in [D:\xampp\htdocs\iproperty\cake\libs\controller\controller.php, line 742]
2011-04-08 15:56:12 Warning: Warning (2): Missing argument 1 for BacksController::insert() in [D:\xampp\htdocs\iproperty\app\controllers\backs_controller.php, line 13]
2011-04-08 15:56:12 Warning: Warning (2): Cannot modify header information - headers already sent by (output started at D:\xampp\htdocs\iproperty\cake\libs\debugger.php:673) in [D:\xampp\htdocs\iproperty\cake\libs\controller\controller.php, line 742]
2011-04-08 16:08:35 Warning: Warning (2): Missing argument 1 for BacksController::insert() in [D:\xampp\htdocs\iproperty\app\controllers\backs_controller.php, line 13]
2011-04-08 16:14:40 Warning: Warning (2): Missing argument 1 for BacksController::insert() in [D:\xampp\htdocs\iproperty\app\controllers\backs_controller.php, line 13]
2011-04-08 16:37:01 Warning: Warning (2): Missing argument 1 for BacksController::insert() in [C:\xampp\htdocs\iproperty\app\controllers\backs_controller.php, line 13]
2011-04-08 16:37:01 Warning: Warning (2): Missing argument 1 for BacksController::insert() in [C:\xampp\htdocs\iproperty\app\controllers\backs_controller.php, line 13]
2011-04-08 16:37:50 Warning: Warning (2): Missing argument 1 for BacksController::insert() in [C:\xampp\htdocs\iproperty\app\controllers\backs_controller.php, line 13]
2011-04-08 16:38:57 Warning: Warning (2): Missing argument 1 for BacksController::insert() in [C:\xampp\htdocs\iproperty\app\controllers\backs_controller.php, line 13]
2011-04-08 16:39:52 Warning: Warning (2): Missing argument 1 for BacksController::insert() in [C:\xampp\htdocs\iproperty\app\controllers\backs_controller.php, line 13]
2011-04-08 16:43:07 Warning: Warning (2): Missing argument 1 for BacksController::insert() in [C:\xampp\htdocs\iproperty\app\controllers\backs_controller.php, line 13]
2011-04-08 16:44:45 Warning: Warning (2): Missing argument 1 for BacksController::insert() in [C:\xampp\htdocs\iproperty\app\controllers\backs_controller.php, line 13]
2011-04-08 16:47:09 Warning: Warning (2): Missing argument 1 for BacksController::insert() in [C:\xampp\htdocs\iproperty\app\controllers\backs_controller.php, line 13]
2011-04-08 16:59:26 Warning: Warning (2): Missing argument 1 for BacksController::insert() in [C:\xampp\htdocs\iproperty\app\controllers\backs_controller.php, line 13]
2011-04-08 17:01:46 Warning: Warning (2): Missing argument 1 for BacksController::insert() in [C:\xampp\htdocs\iproperty\app\controllers\backs_controller.php, line 13]
2011-04-09 12:47:16 Error: Fatal Error (256): ConnectionManager::getDataSource - Non-existent data source default in [C:\xampp\htdocs\iproperty\cake\libs\model\connection_manager.php, line 102]
2011-04-09 12:57:14 Warning: Warning (2): Invalid argument supplied for foreach() in [C:\xampp\htdocs\iproperty\app\views\tests\directory.ctp, line 30]
2011-04-09 13:18:57 Warning: Warning (2): Invalid argument supplied for foreach() in [C:\xampp\htdocs\iproperty\app\views\tests\directory.ctp, line 30]
2011-04-09 13:19:14 Warning: Warning (2): Invalid argument supplied for foreach() in [C:\xampp\htdocs\iproperty\app\views\tests\directory.ctp, line 30]
2011-04-09 13:24:03 Warning: Warning (2): Invalid argument supplied for foreach() in [C:\xampp\htdocs\iproperty\app\views\tests\directory.ctp, line 30]
2011-04-11 10:51:35 Warning: Warning (2): Invalid argument supplied for foreach() in [C:\xampp\htdocs\iproperty\app\views\tests\directory.ctp, line 30]
2011-04-18 12:06:14 Warning: Warning (2): fsockopen() [<a href='http://php.net/function.fsockopen'>function.fsockopen</a>]: php_network_getaddresses: getaddrinfo failed: No such host is known.  in [C:\xampp\htdocs\iproperty\app\views\layouts\default.ctp, line 58]
2011-04-18 12:06:14 Warning: Warning (2): fsockopen() [<a href='http://php.net/function.fsockopen'>function.fsockopen</a>]: unable to connect to www..com:80 (php_network_getaddresses: getaddrinfo failed: No such host is known. ) in [C:\xampp\htdocs\iproperty\app\views\layouts\default.ctp, line 58]
2011-04-19 10:26:11 Warning: Warning (2): fsockopen() [<a href='http://php.net/function.fsockopen'>function.fsockopen</a>]: php_network_getaddresses: getaddrinfo failed: No such host is known.  in [C:\xampp\htdocs\iproperty\app\views\layouts\default.ctp, line 59]
2011-04-19 10:26:11 Warning: Warning (2): fsockopen() [<a href='http://php.net/function.fsockopen'>function.fsockopen</a>]: unable to connect to www.easycounter.com:80 (php_network_getaddresses: getaddrinfo failed: No such host is known. ) in [C:\xampp\htdocs\iproperty\app\views\layouts\default.ctp, line 59]
2011-04-19 10:26:25 Warning: Warning (2): fsockopen() [<a href='http://php.net/function.fsockopen'>function.fsockopen</a>]: php_network_getaddresses: getaddrinfo failed: No such host is known.  in [C:\xampp\htdocs\iproperty\app\views\layouts\default.ctp, line 59]
2011-04-19 10:26:25 Warning: Warning (2): fsockopen() [<a href='http://php.net/function.fsockopen'>function.fsockopen</a>]: unable to connect to www.easycounter.com:80 (php_network_getaddresses: getaddrinfo failed: No such host is known. ) in [C:\xampp\htdocs\iproperty\app\views\layouts\default.ctp, line 59]
2011-04-19 10:28:00 Warning: Warning (2): fsockopen() [<a href='http://php.net/function.fsockopen'>function.fsockopen</a>]: php_network_getaddresses: getaddrinfo failed: No such host is known.  in [C:\xampp\htdocs\iproperty\app\views\layouts\default.ctp, line 59]
2011-04-19 10:28:00 Warning: Warning (2): fsockopen() [<a href='http://php.net/function.fsockopen'>function.fsockopen</a>]: unable to connect to www.easycounter.com:80 (php_network_getaddresses: getaddrinfo failed: No such host is known. ) in [C:\xampp\htdocs\iproperty\app\views\layouts\default.ctp, line 59]
2011-04-19 10:28:47 Warning: Warning (2): fsockopen() [<a href='http://php.net/function.fsockopen'>function.fsockopen</a>]: php_network_getaddresses: getaddrinfo failed: No such host is known.  in [C:\xampp\htdocs\iproperty\app\views\layouts\default.ctp, line 59]
2011-04-19 10:28:47 Warning: Warning (2): fsockopen() [<a href='http://php.net/function.fsockopen'>function.fsockopen</a>]: unable to connect to www.easycounter.com:80 (php_network_getaddresses: getaddrinfo failed: No such host is known. ) in [C:\xampp\htdocs\iproperty\app\views\layouts\default.ctp, line 59]
2011-04-19 10:32:32 Warning: Warning (2): fsockopen() [<a href='http://php.net/function.fsockopen'>function.fsockopen</a>]: php_network_getaddresses: getaddrinfo failed: No such host is known.  in [C:\xampp\htdocs\iproperty\app\views\layouts\default.ctp, line 59]
2011-04-19 10:32:32 Warning: Warning (2): fsockopen() [<a href='http://php.net/function.fsockopen'>function.fsockopen</a>]: unable to connect to www.easycounter.com:80 (php_network_getaddresses: getaddrinfo failed: No such host is known. ) in [C:\xampp\htdocs\iproperty\app\views\layouts\default.ctp, line 59]
2011-04-19 10:33:57 Warning: Warning (2): fsockopen() [<a href='http://php.net/function.fsockopen'>function.fsockopen</a>]: php_network_getaddresses: getaddrinfo failed: No such host is known.  in [C:\xampp\htdocs\iproperty\app\views\layouts\default.ctp, line 59]
2011-04-19 10:33:57 Warning: Warning (2): fsockopen() [<a href='http://php.net/function.fsockopen'>function.fsockopen</a>]: unable to connect to www.easycounter.com:80 (php_network_getaddresses: getaddrinfo failed: No such host is known. ) in [C:\xampp\htdocs\iproperty\app\views\layouts\default.ctp, line 59]
2011-04-19 10:35:48 Warning: Warning (2): fsockopen() [<a href='http://php.net/function.fsockopen'>function.fsockopen</a>]: php_network_getaddresses: getaddrinfo failed: No such host is known.  in [C:\xampp\htdocs\iproperty\app\views\layouts\default.ctp, line 59]
2011-04-19 10:35:48 Warning: Warning (2): fsockopen() [<a href='http://php.net/function.fsockopen'>function.fsockopen</a>]: unable to connect to www.easycounter.com:80 (php_network_getaddresses: getaddrinfo failed: No such host is known. ) in [C:\xampp\htdocs\iproperty\app\views\layouts\default.ctp, line 59]
2011-04-19 10:38:03 Warning: Warning (2): fsockopen() [<a href='http://php.net/function.fsockopen'>function.fsockopen</a>]: php_network_getaddresses: getaddrinfo failed: No such host is known.  in [C:\xampp\htdocs\iproperty\app\views\layouts\default.ctp, line 59]
2011-04-19 10:38:03 Warning: Warning (2): fsockopen() [<a href='http://php.net/function.fsockopen'>function.fsockopen</a>]: unable to connect to www.easycounter.com:80 (php_network_getaddresses: getaddrinfo failed: No such host is known. ) in [C:\xampp\htdocs\iproperty\app\views\layouts\default.ctp, line 59]
2011-04-19 10:39:41 Warning: Warning (2): fsockopen() [<a href='http://php.net/function.fsockopen'>function.fsockopen</a>]: php_network_getaddresses: getaddrinfo failed: No such host is known.  in [C:\xampp\htdocs\iproperty\app\views\layouts\default.ctp, line 59]
2011-04-19 10:39:41 Warning: Warning (2): fsockopen() [<a href='http://php.net/function.fsockopen'>function.fsockopen</a>]: unable to connect to www.easycounter.com:80 (php_network_getaddresses: getaddrinfo failed: No such host is known. ) in [C:\xampp\htdocs\iproperty\app\views\layouts\default.ctp, line 59]
2011-04-19 10:39:46 Warning: Warning (2): fsockopen() [<a href='http://php.net/function.fsockopen'>function.fsockopen</a>]: php_network_getaddresses: getaddrinfo failed: No such host is known.  in [C:\xampp\htdocs\iproperty\app\views\layouts\default.ctp, line 59]
2011-04-19 10:39:46 Warning: Warning (2): fsockopen() [<a href='http://php.net/function.fsockopen'>function.fsockopen</a>]: unable to connect to www.easycounter.com:80 (php_network_getaddresses: getaddrinfo failed: No such host is known. ) in [C:\xampp\htdocs\iproperty\app\views\layouts\default.ctp, line 59]
2011-04-19 10:41:31 Warning: Warning (2): fsockopen() [<a href='http://php.net/function.fsockopen'>function.fsockopen</a>]: php_network_getaddresses: getaddrinfo failed: No such host is known.  in [C:\xampp\htdocs\iproperty\app\views\layouts\default.ctp, line 59]
2011-04-19 10:41:31 Warning: Warning (2): fsockopen() [<a href='http://php.net/function.fsockopen'>function.fsockopen</a>]: unable to connect to www.easycounter.com:80 (php_network_getaddresses: getaddrinfo failed: No such host is known. ) in [C:\xampp\htdocs\iproperty\app\views\layouts\default.ctp, line 59]
2011-04-19 10:47:11 Warning: Warning (2): fsockopen() [<a href='http://php.net/function.fsockopen'>function.fsockopen</a>]: php_network_getaddresses: getaddrinfo failed: No such host is known.  in [C:\xampp\htdocs\iproperty\app\views\layouts\default.ctp, line 59]
2011-04-19 10:47:11 Warning: Warning (2): fsockopen() [<a href='http://php.net/function.fsockopen'>function.fsockopen</a>]: unable to connect to www.easycounter.com:80 (php_network_getaddresses: getaddrinfo failed: No such host is known. ) in [C:\xampp\htdocs\iproperty\app\views\layouts\default.ctp, line 59]
2011-04-19 10:47:53 Warning: Warning (2): fsockopen() [<a href='http://php.net/function.fsockopen'>function.fsockopen</a>]: php_network_getaddresses: getaddrinfo failed: No such host is known.  in [C:\xampp\htdocs\iproperty\app\views\layouts\default.ctp, line 59]
2011-04-19 10:47:53 Warning: Warning (2): fsockopen() [<a href='http://php.net/function.fsockopen'>function.fsockopen</a>]: unable to connect to www.easycounter.com:80 (php_network_getaddresses: getaddrinfo failed: No such host is known. ) in [C:\xampp\htdocs\iproperty\app\views\layouts\default.ctp, line 59]
2011-04-19 10:48:28 Warning: Warning (2): fsockopen() [<a href='http://php.net/function.fsockopen'>function.fsockopen</a>]: php_network_getaddresses: getaddrinfo failed: No such host is known.  in [C:\xampp\htdocs\iproperty\app\views\layouts\default.ctp, line 59]
2011-04-19 10:48:28 Warning: Warning (2): fsockopen() [<a href='http://php.net/function.fsockopen'>function.fsockopen</a>]: unable to connect to www.easycounter.com:80 (php_network_getaddresses: getaddrinfo failed: No such host is known. ) in [C:\xampp\htdocs\iproperty\app\views\layouts\default.ctp, line 59]
2011-04-19 10:48:33 Warning: Warning (2): fsockopen() [<a href='http://php.net/function.fsockopen'>function.fsockopen</a>]: php_network_getaddresses: getaddrinfo failed: No such host is known.  in [C:\xampp\htdocs\iproperty\app\views\layouts\default.ctp, line 59]
2011-04-19 10:48:33 Warning: Warning (2): fsockopen() [<a href='http://php.net/function.fsockopen'>function.fsockopen</a>]: unable to connect to www.easycounter.com:80 (php_network_getaddresses: getaddrinfo failed: No such host is known. ) in [C:\xampp\htdocs\iproperty\app\views\layouts\default.ctp, line 59]
2011-04-19 10:49:52 Warning: Warning (2): fsockopen() [<a href='http://php.net/function.fsockopen'>function.fsockopen</a>]: php_network_getaddresses: getaddrinfo failed: No such host is known.  in [C:\xampp\htdocs\iproperty\app\views\layouts\default.ctp, line 59]
2011-04-19 10:49:52 Warning: Warning (2): fsockopen() [<a href='http://php.net/function.fsockopen'>function.fsockopen</a>]: unable to connect to www.easycounter.com:80 (php_network_getaddresses: getaddrinfo failed: No such host is known. ) in [C:\xampp\htdocs\iproperty\app\views\layouts\default.ctp, line 59]
2011-04-19 10:49:57 Warning: Warning (2): fsockopen() [<a href='http://php.net/function.fsockopen'>function.fsockopen</a>]: php_network_getaddresses: getaddrinfo failed: No such host is known.  in [C:\xampp\htdocs\iproperty\app\views\layouts\default.ctp, line 59]
2011-04-19 10:49:57 Warning: Warning (2): fsockopen() [<a href='http://php.net/function.fsockopen'>function.fsockopen</a>]: unable to connect to www.easycounter.com:80 (php_network_getaddresses: getaddrinfo failed: No such host is known. ) in [C:\xampp\htdocs\iproperty\app\views\layouts\default.ctp, line 59]
2011-04-19 10:50:00 Warning: Warning (2): fsockopen() [<a href='http://php.net/function.fsockopen'>function.fsockopen</a>]: php_network_getaddresses: getaddrinfo failed: No such host is known.  in [C:\xampp\htdocs\iproperty\app\views\layouts\default.ctp, line 59]
2011-04-19 10:50:00 Warning: Warning (2): fsockopen() [<a href='http://php.net/function.fsockopen'>function.fsockopen</a>]: unable to connect to www.easycounter.com:80 (php_network_getaddresses: getaddrinfo failed: No such host is known. ) in [C:\xampp\htdocs\iproperty\app\views\layouts\default.ctp, line 59]
2011-04-19 10:58:29 Warning: Warning (2): fsockopen() [<a href='http://php.net/function.fsockopen'>function.fsockopen</a>]: php_network_getaddresses: getaddrinfo failed: No such host is known.  in [C:\xampp\htdocs\iproperty\app\views\layouts\default.ctp, line 59]
2011-04-19 10:58:29 Warning: Warning (2): fsockopen() [<a href='http://php.net/function.fsockopen'>function.fsockopen</a>]: unable to connect to www.easycounter.com:80 (php_network_getaddresses: getaddrinfo failed: No such host is known. ) in [C:\xampp\htdocs\iproperty\app\views\layouts\default.ctp, line 59]
2011-04-19 11:01:46 Warning: Warning (2): fsockopen() [<a href='http://php.net/function.fsockopen'>function.fsockopen</a>]: php_network_getaddresses: getaddrinfo failed: No such host is known.  in [C:\xampp\htdocs\iproperty\app\views\layouts\default.ctp, line 59]
2011-04-19 11:01:46 Warning: Warning (2): fsockopen() [<a href='http://php.net/function.fsockopen'>function.fsockopen</a>]: unable to connect to www.easycounter.com:80 (php_network_getaddresses: getaddrinfo failed: No such host is known. ) in [C:\xampp\htdocs\iproperty\app\views\layouts\default.ctp, line 59]
2011-04-19 11:03:04 Warning: Warning (2): fsockopen() [<a href='http://php.net/function.fsockopen'>function.fsockopen</a>]: php_network_getaddresses: getaddrinfo failed: No such host is known.  in [C:\xampp\htdocs\iproperty\app\views\layouts\default.ctp, line 59]
2011-04-19 11:03:04 Warning: Warning (2): fsockopen() [<a href='http://php.net/function.fsockopen'>function.fsockopen</a>]: unable to connect to www.easycounter.com:80 (php_network_getaddresses: getaddrinfo failed: No such host is known. ) in [C:\xampp\htdocs\iproperty\app\views\layouts\default.ctp, line 59]
2011-04-20 10:55:41 Warning: Warning (2): fsockopen() [<a href='http://php.net/function.fsockopen'>function.fsockopen</a>]: php_network_getaddresses: getaddrinfo failed: No such host is known.  in [C:\xampp\htdocs\iproperty\app\views\layouts\default.ctp, line 64]
2011-04-20 10:55:41 Warning: Warning (2): fsockopen() [<a href='http://php.net/function.fsockopen'>function.fsockopen</a>]: unable to connect to www.easycounter.com:80 (php_network_getaddresses: getaddrinfo failed: No such host is known. ) in [C:\xampp\htdocs\iproperty\app\views\layouts\default.ctp, line 64]
2011-04-20 10:55:43 Warning: Warning (2): fsockopen() [<a href='http://php.net/function.fsockopen'>function.fsockopen</a>]: php_network_getaddresses: getaddrinfo failed: No such host is known.  in [C:\xampp\htdocs\iproperty\app\views\layouts\default.ctp, line 64]
2011-04-20 10:55:43 Warning: Warning (2): fsockopen() [<a href='http://php.net/function.fsockopen'>function.fsockopen</a>]: unable to connect to www.easycounter.com:80 (php_network_getaddresses: getaddrinfo failed: No such host is known. ) in [C:\xampp\htdocs\iproperty\app\views\layouts\default.ctp, line 64]
2011-04-20 10:55:44 Warning: Warning (2): fsockopen() [<a href='http://php.net/function.fsockopen'>function.fsockopen</a>]: php_network_getaddresses: getaddrinfo failed: No such host is known.  in [C:\xampp\htdocs\iproperty\app\views\layouts\default.ctp, line 64]
2011-04-20 10:55:44 Warning: Warning (2): fsockopen() [<a href='http://php.net/function.fsockopen'>function.fsockopen</a>]: unable to connect to www.easycounter.com:80 (php_network_getaddresses: getaddrinfo failed: No such host is known. ) in [C:\xampp\htdocs\iproperty\app\views\layouts\default.ctp, line 64]
2011-04-20 10:56:39 Warning: Warning (2): fsockopen() [<a href='http://php.net/function.fsockopen'>function.fsockopen</a>]: php_network_getaddresses: getaddrinfo failed: No such host is known.  in [C:\xampp\htdocs\iproperty\app\views\layouts\default.ctp, line 84]
2011-04-20 10:56:39 Warning: Warning (2): fsockopen() [<a href='http://php.net/function.fsockopen'>function.fsockopen</a>]: unable to connect to www.easycounter.com:80 (php_network_getaddresses: getaddrinfo failed: No such host is known. ) in [C:\xampp\htdocs\iproperty\app\views\layouts\default.ctp, line 84]
2011-04-20 10:56:40 Warning: Warning (2): fsockopen() [<a href='http://php.net/function.fsockopen'>function.fsockopen</a>]: php_network_getaddresses: getaddrinfo failed: No such host is known.  in [C:\xampp\htdocs\iproperty\app\views\layouts\default.ctp, line 84]
2011-04-20 10:56:40 Warning: Warning (2): fsockopen() [<a href='http://php.net/function.fsockopen'>function.fsockopen</a>]: unable to connect to www.easycounter.com:80 (php_network_getaddresses: getaddrinfo failed: No such host is known. ) in [C:\xampp\htdocs\iproperty\app\views\layouts\default.ctp, line 84]
2011-04-20 10:57:29 Warning: Warning (2): fsockopen() [<a href='http://php.net/function.fsockopen'>function.fsockopen</a>]: php_network_getaddresses: getaddrinfo failed: No such host is known.  in [C:\xampp\htdocs\iproperty\app\views\layouts\default.ctp, line 84]
2011-04-20 10:57:29 Warning: Warning (2): fsockopen() [<a href='http://php.net/function.fsockopen'>function.fsockopen</a>]: unable to connect to www.easycounter.com:80 (php_network_getaddresses: getaddrinfo failed: No such host is known. ) in [C:\xampp\htdocs\iproperty\app\views\layouts\default.ctp, line 84]
2011-04-20 10:57:30 Warning: Warning (2): fsockopen() [<a href='http://php.net/function.fsockopen'>function.fsockopen</a>]: php_network_getaddresses: getaddrinfo failed: No such host is known.  in [C:\xampp\htdocs\iproperty\app\views\layouts\default.ctp, line 84]
2011-04-20 10:57:30 Warning: Warning (2): fsockopen() [<a href='http://php.net/function.fsockopen'>function.fsockopen</a>]: unable to connect to www.easycounter.com:80 (php_network_getaddresses: getaddrinfo failed: No such host is known. ) in [C:\xampp\htdocs\iproperty\app\views\layouts\default.ctp, line 84]
2011-04-20 10:57:35 Warning: Warning (2): fsockopen() [<a href='http://php.net/function.fsockopen'>function.fsockopen</a>]: php_network_getaddresses: getaddrinfo failed: No such host is known.  in [C:\xampp\htdocs\iproperty\app\views\layouts\default.ctp, line 84]
2011-04-20 10:57:35 Warning: Warning (2): fsockopen() [<a href='http://php.net/function.fsockopen'>function.fsockopen</a>]: unable to connect to www.easycounter.com:80 (php_network_getaddresses: getaddrinfo failed: No such host is known. ) in [C:\xampp\htdocs\iproperty\app\views\layouts\default.ctp, line 84]
2011-04-20 10:57:36 Warning: Warning (2): fsockopen() [<a href='http://php.net/function.fsockopen'>function.fsockopen</a>]: php_network_getaddresses: getaddrinfo failed: No such host is known.  in [C:\xampp\htdocs\iproperty\app\views\layouts\default.ctp, line 84]
2011-04-20 10:57:36 Warning: Warning (2): fsockopen() [<a href='http://php.net/function.fsockopen'>function.fsockopen</a>]: unable to connect to www.easycounter.com:80 (php_network_getaddresses: getaddrinfo failed: No such host is known. ) in [C:\xampp\htdocs\iproperty\app\views\layouts\default.ctp, line 84]
2011-04-20 10:59:28 Warning: Warning (2): fsockopen() [<a href='http://php.net/function.fsockopen'>function.fsockopen</a>]: php_network_getaddresses: getaddrinfo failed: No such host is known.  in [C:\xampp\htdocs\iproperty\app\views\layouts\default.ctp, line 81]
2011-04-20 10:59:28 Warning: Warning (2): fsockopen() [<a href='http://php.net/function.fsockopen'>function.fsockopen</a>]: unable to connect to www.easycounter.com:80 (php_network_getaddresses: getaddrinfo failed: No such host is known. ) in [C:\xampp\htdocs\iproperty\app\views\layouts\default.ctp, line 81]
2011-04-20 11:00:48 Warning: Warning (2): fsockopen() [<a href='http://php.net/function.fsockopen'>function.fsockopen</a>]: php_network_getaddresses: getaddrinfo failed: No such host is known.  in [C:\xampp\htdocs\iproperty\app\views\layouts\default.ctp, line 81]
2011-04-20 11:00:48 Warning: Warning (2): fsockopen() [<a href='http://php.net/function.fsockopen'>function.fsockopen</a>]: unable to connect to www.easycounter.com:80 (php_network_getaddresses: getaddrinfo failed: No such host is known. ) in [C:\xampp\htdocs\iproperty\app\views\layouts\default.ctp, line 81]
2011-04-20 11:01:33 Warning: Warning (2): fsockopen() [<a href='http://php.net/function.fsockopen'>function.fsockopen</a>]: php_network_getaddresses: getaddrinfo failed: No such host is known.  in [C:\xampp\htdocs\iproperty\app\views\layouts\default.ctp, line 81]
2011-04-20 11:01:33 Warning: Warning (2): fsockopen() [<a href='http://php.net/function.fsockopen'>function.fsockopen</a>]: unable to connect to www.easycounter.com:80 (php_network_getaddresses: getaddrinfo failed: No such host is known. ) in [C:\xampp\htdocs\iproperty\app\views\layouts\default.ctp, line 81]
2011-04-20 11:01:52 Warning: Warning (2): fsockopen() [<a href='http://php.net/function.fsockopen'>function.fsockopen</a>]: php_network_getaddresses: getaddrinfo failed: No such host is known.  in [C:\xampp\htdocs\iproperty\app\views\layouts\default.ctp, line 81]
2011-04-20 11:01:52 Warning: Warning (2): fsockopen() [<a href='http://php.net/function.fsockopen'>function.fsockopen</a>]: unable to connect to www.easycounter.com:80 (php_network_getaddresses: getaddrinfo failed: No such host is known. ) in [C:\xampp\htdocs\iproperty\app\views\layouts\default.ctp, line 81]
2011-04-20 11:01:55 Warning: Warning (2): fsockopen() [<a href='http://php.net/function.fsockopen'>function.fsockopen</a>]: php_network_getaddresses: getaddrinfo failed: No such host is known.  in [C:\xampp\htdocs\iproperty\app\views\layouts\default.ctp, line 81]
2011-04-20 11:01:55 Warning: Warning (2): fsockopen() [<a href='http://php.net/function.fsockopen'>function.fsockopen</a>]: unable to connect to www.easycounter.com:80 (php_network_getaddresses: getaddrinfo failed: No such host is known. ) in [C:\xampp\htdocs\iproperty\app\views\layouts\default.ctp, line 81]
2011-04-20 11:02:45 Warning: Warning (2): fsockopen() [<a href='http://php.net/function.fsockopen'>function.fsockopen</a>]: php_network_getaddresses: getaddrinfo failed: No such host is known.  in [C:\xampp\htdocs\iproperty\app\views\layouts\default.ctp, line 82]
2011-04-20 11:02:45 Warning: Warning (2): fsockopen() [<a href='http://php.net/function.fsockopen'>function.fsockopen</a>]: unable to connect to www.easycounter.com:80 (php_network_getaddresses: getaddrinfo failed: No such host is known. ) in [C:\xampp\htdocs\iproperty\app\views\layouts\default.ctp, line 82]
2011-04-20 11:03:31 Warning: Warning (2): fsockopen() [<a href='http://php.net/function.fsockopen'>function.fsockopen</a>]: php_network_getaddresses: getaddrinfo failed: No such host is known.  in [C:\xampp\htdocs\iproperty\app\views\layouts\default.ctp, line 82]
2011-04-20 11:03:31 Warning: Warning (2): fsockopen() [<a href='http://php.net/function.fsockopen'>function.fsockopen</a>]: unable to connect to www.easycounter.com:80 (php_network_getaddresses: getaddrinfo failed: No such host is known. ) in [C:\xampp\htdocs\iproperty\app\views\layouts\default.ctp, line 82]
2011-04-20 11:37:37 Warning: Warning (2): fsockopen() [<a href='http://php.net/function.fsockopen'>function.fsockopen</a>]: php_network_getaddresses: getaddrinfo failed: No such host is known.  in [C:\xampp\htdocs\iproperty\app\views\layouts\default.ctp, line 67]
2011-04-20 11:37:37 Warning: Warning (2): fsockopen() [<a href='http://php.net/function.fsockopen'>function.fsockopen</a>]: unable to connect to www.easycounter.com:80 (php_network_getaddresses: getaddrinfo failed: No such host is known. ) in [C:\xampp\htdocs\iproperty\app\views\layouts\default.ctp, line 67]
2011-04-20 11:37:43 Warning: Warning (2): fsockopen() [<a href='http://php.net/function.fsockopen'>function.fsockopen</a>]: php_network_getaddresses: getaddrinfo failed: No such host is known.  in [C:\xampp\htdocs\iproperty\app\views\layouts\default.ctp, line 67]
2011-04-20 11:37:43 Warning: Warning (2): fsockopen() [<a href='http://php.net/function.fsockopen'>function.fsockopen</a>]: unable to connect to www.easycounter.com:80 (php_network_getaddresses: getaddrinfo failed: No such host is known. ) in [C:\xampp\htdocs\iproperty\app\views\layouts\default.ctp, line 67]
2011-04-20 11:38:09 Warning: Warning (2): fsockopen() [<a href='http://php.net/function.fsockopen'>function.fsockopen</a>]: php_network_getaddresses: getaddrinfo failed: No such host is known.  in [C:\xampp\htdocs\iproperty\app\views\layouts\default.ctp, line 67]
2011-04-20 11:38:09 Warning: Warning (2): fsockopen() [<a href='http://php.net/function.fsockopen'>function.fsockopen</a>]: unable to connect to www.easycounter.com:80 (php_network_getaddresses: getaddrinfo failed: No such host is known. ) in [C:\xampp\htdocs\iproperty\app\views\layouts\default.ctp, line 67]
2011-04-20 11:50:14 Warning: Warning (2): fsockopen() [<a href='http://php.net/function.fsockopen'>function.fsockopen</a>]: unable to connect to www.easycounter.com:80 (A connection attempt failed because the connected party did not properly respond after a period of time, or established connection failed because connected host has failed to respond.
) in [C:\xampp\htdocs\iproperty\app\views\layouts\default.ctp, line 67]
2011-04-21 15:57:52 Warning: Warning (2): fsockopen() [<a href='http://php.net/function.fsockopen'>function.fsockopen</a>]: php_network_getaddresses: getaddrinfo failed: No such host is known.  in [C:\xampp\htdocs\iproperty\app\views\layouts\default.ctp, line 106]
2011-04-21 15:57:52 Warning: Warning (2): fsockopen() [<a href='http://php.net/function.fsockopen'>function.fsockopen</a>]: unable to connect to www.easycounter.com:80 (php_network_getaddresses: getaddrinfo failed: No such host is known. ) in [C:\xampp\htdocs\iproperty\app\views\layouts\default.ctp, line 106]
2011-04-21 16:02:50 Warning: Warning (2): fsockopen() [<a href='http://php.net/function.fsockopen'>function.fsockopen</a>]: php_network_getaddresses: getaddrinfo failed: No such host is known.  in [C:\xampp\htdocs\iproperty\app\views\layouts\default.ctp, line 106]
2011-04-21 16:02:50 Warning: Warning (2): fsockopen() [<a href='http://php.net/function.fsockopen'>function.fsockopen</a>]: unable to connect to www.easycounter.com:80 (php_network_getaddresses: getaddrinfo failed: No such host is known. ) in [C:\xampp\htdocs\iproperty\app\views\layouts\default.ctp, line 106]
2011-04-21 16:02:58 Warning: Warning (2): fsockopen() [<a href='http://php.net/function.fsockopen'>function.fsockopen</a>]: php_network_getaddresses: getaddrinfo failed: No such host is known.  in [C:\xampp\htdocs\iproperty\app\views\layouts\default.ctp, line 106]
2011-04-21 16:02:58 Warning: Warning (2): fsockopen() [<a href='http://php.net/function.fsockopen'>function.fsockopen</a>]: unable to connect to www.easycounter.com:80 (php_network_getaddresses: getaddrinfo failed: No such host is known. ) in [C:\xampp\htdocs\iproperty\app\views\layouts\default.ctp, line 106]
2011-04-21 16:04:01 Warning: Warning (2): fsockopen() [<a href='http://php.net/function.fsockopen'>function.fsockopen</a>]: php_network_getaddresses: getaddrinfo failed: No such host is known.  in [C:\xampp\htdocs\iproperty\app\views\layouts\default.ctp, line 106]
2011-04-21 16:04:01 Warning: Warning (2): fsockopen() [<a href='http://php.net/function.fsockopen'>function.fsockopen</a>]: unable to connect to www.easycounter.com:80 (php_network_getaddresses: getaddrinfo failed: No such host is known. ) in [C:\xampp\htdocs\iproperty\app\views\layouts\default.ctp, line 106]
2011-04-21 16:04:09 Warning: Warning (2): fsockopen() [<a href='http://php.net/function.fsockopen'>function.fsockopen</a>]: php_network_getaddresses: getaddrinfo failed: No such host is known.  in [C:\xampp\htdocs\iproperty\app\views\layouts\default.ctp, line 106]
2011-04-21 16:04:09 Warning: Warning (2): fsockopen() [<a href='http://php.net/function.fsockopen'>function.fsockopen</a>]: unable to connect to www.easycounter.com:80 (php_network_getaddresses: getaddrinfo failed: No such host is known. ) in [C:\xampp\htdocs\iproperty\app\views\layouts\default.ctp, line 106]
2011-04-21 16:17:03 Warning: Warning (2): fsockopen() [<a href='http://php.net/function.fsockopen'>function.fsockopen</a>]: unable to connect to www.easycounter.com:80 (A connection attempt failed because the connected party did not properly respond after a period of time, or established connection failed because connected host has failed to respond.
) in [C:\xampp\htdocs\iproperty\app\views\layouts\default.ctp, line 109]
2011-04-21 22:10:41 Warning: Warning (4096): Object of class HtmlHelper could not be converted to string in [D:\xampp\htdocs\iproperty\app\views\layouts\default.ctp, line 10]
2011-04-21 22:10:42 Warning: Warning (4096): Object of class HtmlHelper could not be converted to string in [D:\xampp\htdocs\iproperty\app\views\layouts\default.ctp, line 10]
2011-04-21 22:10:42 Warning: Warning (4096): Object of class HtmlHelper could not be converted to string in [D:\xampp\htdocs\iproperty\app\views\layouts\default.ctp, line 10]
2011-04-21 22:11:01 Warning: Warning (4096): Object of class HtmlHelper could not be converted to string in [D:\xampp\htdocs\iproperty\app\views\layouts\default.ctp, line 10]
2011-04-21 22:56:59 Warning: Warning (2): fsockopen() [<a href='http://php.net/function.fsockopen'>function.fsockopen</a>]: unable to connect to www.easycounter.com:80 (A connection attempt failed because the connected party did not properly respond after a period of time, or established connection failed because connected host has failed to respond.
) in [D:\xampp\htdocs\iproperty\app\views\layouts\default.ctp, line 117]
2011-04-21 23:15:43 Warning: Warning (2): fsockopen() [<a href='http://php.net/function.fsockopen'>function.fsockopen</a>]: unable to connect to www.easycounter.com:80 (A connection attempt failed because the connected party did not properly respond after a period of time, or established connection failed because connected host has failed to respond.
) in [D:\xampp\htdocs\iproperty\app\views\layouts\default.ctp, line 120]
2011-04-22 15:57:31 Warning: Warning (2): Invalid argument supplied for foreach() in [C:\xampp\htdocs\iproperty\app\views\backs\index.ctp, line 34]
2011-04-22 16:07:16 Warning: Warning (2): Invalid argument supplied for foreach() in [C:\xampp\htdocs\iproperty\app\views\backs\index.ctp, line 34]
2011-04-22 16:09:28 Warning: Warning (2): Invalid argument supplied for foreach() in [C:\xampp\htdocs\iproperty\app\views\backs\index.ctp, line 34]
2011-04-22 16:12:12 Warning: Warning (2): Invalid argument supplied for foreach() in [C:\xampp\htdocs\iproperty\app\views\backs\index.ctp, line 34]
2011-04-22 16:19:00 Warning: Warning (2): Invalid argument supplied for foreach() in [C:\xampp\htdocs\iproperty\app\views\backs\index.ctp, line 34]
2011-04-22 16:24:49 Warning: Warning (2): Invalid argument supplied for foreach() in [C:\xampp\htdocs\iproperty\app\views\backs\index.ctp, line 34]
2011-04-22 16:25:24 Warning: Warning (2): Invalid argument supplied for foreach() in [C:\xampp\htdocs\iproperty\app\views\backs\index.ctp, line 34]
2011-04-22 16:26:24 Warning: Warning (2): Invalid argument supplied for foreach() in [C:\xampp\htdocs\iproperty\app\views\backs\index.ctp, line 34]
2011-04-22 16:57:17 Warning: Warning (2): strtotime() expects parameter 1 to be string, array given in [C:\xampp\htdocs\iproperty\cake\libs\view\helpers\form.php, line 1572]
2011-04-22 16:58:06 Warning: Warning (2): fsockopen() [<a href='http://php.net/function.fsockopen'>function.fsockopen</a>]: unable to connect to www.easycounter.com:80 (A connection attempt failed because the connected party did not properly respond after a period of time, or established connection failed because connected host has failed to respond.
) in [C:\xampp\htdocs\iproperty\app\views\layouts\admin.ctp, line 112]
2011-04-22 17:22:07 Warning: Warning (512): <span style="color:Red;text-align:left"><b>SQL Error:</b> 1064: You have an error in your SQL syntax; check the manual that corresponds to your MySQL server version for the right syntax to use near 'findAll' at line 1</span> in [C:\xampp\htdocs\iproperty\cake\libs\model\datasources\dbo_source.php, line 684]
2011-04-22 17:22:07 Warning: Warning (2): Invalid argument supplied for foreach() in [C:\xampp\htdocs\iproperty\app\views\backs\edithome.ctp, line 33]
2011-04-23 21:52:37 Warning: Warning (2): Cannot modify header information - headers already sent by (output started at D:\xampp\htdocs\iproperty\app\views\helpers\lightbox.php:58) in [D:\xampp\htdocs\iproperty\app\views\layouts\default.ctp, line 2]
2011-04-23 21:52:37 Warning: Warning (2): Cannot modify header information - headers already sent by (output started at D:\xampp\htdocs\iproperty\app\views\helpers\lightbox.php:58) in [D:\xampp\htdocs\iproperty\app\views\layouts\default.ctp, line 3]
2011-04-24 00:12:34 Warning: Warning (2): fsockopen() [<a href='http://php.net/function.fsockopen'>function.fsockopen</a>]: unable to connect to www.easycounter.com:80 (A connection attempt failed because the connected party did not properly respond after a period of time, or established connection failed because connected host has failed to respond.
) in [D:\xampp\htdocs\iproperty\app\views\elements\navigation.ctp, line 59]
2011-04-24 00:50:33 Warning: Warning (2): Missing argument 1 for View::element(), called in D:\xampp\htdocs\iproperty\app\views\layouts\default.ctp on line 89 and defined in [D:\xampp\htdocs\iproperty\cake\libs\view\view.php, line 343]
2011-04-24 00:50:51 Warning: Warning (2): Missing argument 1 for View::element(), called in D:\xampp\htdocs\iproperty\app\views\layouts\default.ctp on line 89 and defined in [D:\xampp\htdocs\iproperty\cake\libs\view\view.php, line 343]
2011-04-24 00:50:52 Warning: Warning (2): Missing argument 1 for View::element(), called in D:\xampp\htdocs\iproperty\app\views\layouts\default.ctp on line 89 and defined in [D:\xampp\htdocs\iproperty\cake\libs\view\view.php, line 343]
2011-04-24 12:26:08 Warning: Warning (2): Cannot modify header information - headers already sent by (output started at D:\xampp\htdocs\iproperty\app\views\helpers\lightbox.php:58) in [D:\xampp\htdocs\iproperty\app\views\layouts\default.ctp, line 18]
2011-04-24 12:26:19 Warning: Warning (2): Cannot modify header information - headers already sent by (output started at D:\xampp\htdocs\iproperty\app\views\helpers\lightbox.php:58) in [D:\xampp\htdocs\iproperty\app\views\layouts\default.ctp, line 18]
2011-04-25 16:12:01 Warning: Warning (2): fsockopen() [<a href='http://php.net/function.fsockopen'>function.fsockopen</a>]: unable to connect to www.easycounter.com:80 (A connection attempt failed because the connected party did not properly respond after a period of time, or established connection failed because connected host has failed to respond.
) in [C:\xampp\htdocs\iproperty\app\views\elements\navigation.ctp, line 73]
2011-04-25 16:17:32 Warning: Warning (2): fsockopen() [<a href='http://php.net/function.fsockopen'>function.fsockopen</a>]: unable to connect to www.easycounter.com:80 (A connection attempt failed because the connected party did not properly respond after a period of time, or established connection failed because connected host has failed to respond.
) in [C:\xampp\htdocs\iproperty\app\views\elements\navigation.ctp, line 73]
