2011-04-08 13:40:25 Debug: Notice (8): Undefined property: TestsController::$Directory in [D:\xampp\htdocs\iproperty\app\controllers\tests_controller.php, line 15]
2011-04-08 13:40:52 Debug: Notice (8): Undefined property: TestsController::$Directory in [D:\xampp\htdocs\iproperty\app\controllers\tests_controller.php, line 15]
2011-04-08 16:08:01 Debug: Notice (8): Undefined index:  id in [D:\xampp\htdocs\iproperty\app\controllers\backs_controller.php, line 35]
2011-04-08 16:08:07 Debug: Notice (8): Undefined index:  id in [D:\xampp\htdocs\iproperty\app\controllers\backs_controller.php, line 35]
2011-04-11 16:59:28 Debug: Notice (8): Use of undefined constant _blank - assumed '_blank' in [C:\xampp\htdocs\iproperty\app\views\tests\contact.ctp, line 25]
2011-04-12 10:38:21 Debug: Notice (8): Undefined variable: lightbox in [C:\xampp\htdocs\iproperty\app\views\tests\gallery.ctp, line 9]
2011-04-12 10:41:25 Debug: Notice (8): Undefined variable: lightbox in [C:\xampp\htdocs\iproperty\app\views\tests\gallery.ctp, line 9]
2011-04-12 11:10:06 Debug: Notice (8): Undefined property: View::$Javascript in [C:\xampp\htdocs\iproperty\app\views\layouts\default.ctp, line 10]
2011-04-12 11:10:07 Debug: Notice (8): Undefined property: View::$Javascript in [C:\xampp\htdocs\iproperty\app\views\layouts\default.ctp, line 10]
2011-04-12 11:29:34 Debug: Notice (8): Undefined property: View::$Javascript in [C:\xampp\htdocs\iproperty\app\views\layouts\default.ctp, line 10]
2011-04-12 11:29:35 Debug: Notice (8): Undefined property: View::$Javascript in [C:\xampp\htdocs\iproperty\app\views\layouts\default.ctp, line 10]
2011-04-12 11:32:44 Debug: Notice (8): Undefined variable: lightbox in [C:\xampp\htdocs\iproperty\app\views\tests\gallery.ctp, line 9]
2011-04-12 11:33:19 Debug: Notice (8): Undefined variable: lightbox in [C:\xampp\htdocs\iproperty\app\views\tests\gallery.ctp, line 9]
2011-04-12 11:33:20 Debug: Notice (8): Undefined variable: lightbox in [C:\xampp\htdocs\iproperty\app\views\tests\gallery.ctp, line 9]
2011-04-12 11:33:34 Debug: Notice (8): Undefined variable: lightbox in [C:\xampp\htdocs\iproperty\app\views\tests\gallery.ctp, line 9]
2011-04-12 12:02:16 Debug: Notice (8): Undefined variable: lightbox in [C:\xampp\htdocs\iproperty\app\views\tests\gallery.ctp, line 9]
2011-04-19 10:26:10 Debug: Notice (8): Use of undefined constant home_layout - assumed 'home_layout' in [C:\xampp\htdocs\iproperty\app\views\pages\index.ctp, line 2]
2011-04-21 22:10:41 Debug: Notice (8): Object of class HtmlHelper to string conversion in [D:\xampp\htdocs\iproperty\app\views\layouts\default.ctp, line 10]
2011-04-21 22:10:41 Debug: Notice (8): Undefined property: View::$Object in [D:\xampp\htdocs\iproperty\app\views\layouts\default.ctp, line 10]
2011-04-21 22:10:42 Debug: Notice (8): Object of class HtmlHelper to string conversion in [D:\xampp\htdocs\iproperty\app\views\layouts\default.ctp, line 10]
2011-04-21 22:10:42 Debug: Notice (8): Undefined property: View::$Object in [D:\xampp\htdocs\iproperty\app\views\layouts\default.ctp, line 10]
2011-04-21 22:10:42 Debug: Notice (8): Object of class HtmlHelper to string conversion in [D:\xampp\htdocs\iproperty\app\views\layouts\default.ctp, line 10]
2011-04-21 22:10:42 Debug: Notice (8): Undefined property: View::$Object in [D:\xampp\htdocs\iproperty\app\views\layouts\default.ctp, line 10]
2011-04-21 22:11:01 Debug: Notice (8): Object of class HtmlHelper to string conversion in [D:\xampp\htdocs\iproperty\app\views\layouts\default.ctp, line 10]
2011-04-21 22:11:01 Debug: Notice (8): Undefined property: View::$Object in [D:\xampp\htdocs\iproperty\app\views\layouts\default.ctp, line 10]
2011-04-22 16:57:17 Debug: Notice (8): Array to string conversion in [C:\xampp\htdocs\iproperty\cake\libs\view\helpers\form.php, line 1571]
2011-04-22 17:30:30 Debug: Notice (8): Undefined variable: option in [C:\xampp\htdocs\iproperty\app\views\backs\edithome.ctp, line 38]
2011-04-23 23:24:15 Debug: Notice (8): Use of undefined constant view - assumed 'view' in [D:\xampp\htdocs\iproperty\app\controllers\webs_controller.php, line 14]
2011-04-24 00:05:36 Debug: Notice (8): Use of undefined constant home - assumed 'home' in [D:\xampp\htdocs\iproperty\app\controllers\webs_controller.php, line 14]
2011-04-24 00:05:36 Debug: Notice (8): Use of undefined constant blank - assumed 'blank' in [D:\xampp\htdocs\iproperty\app\controllers\webs_controller.php, line 14]
2011-04-24 00:22:56 Debug: Notice (8): Use of undefined constant home - assumed 'home' in [D:\xampp\htdocs\iproperty\app\controllers\webs_controller.php, line 15]
2011-04-24 00:34:38 Debug: Notice (8): Array to string conversion in [D:\xampp\htdocs\iproperty\cake\libs\view\helpers\javascript.php, line 325]
2011-04-24 00:34:38 Debug: Notice (8): Undefined offset:  0 in [D:\xampp\htdocs\iproperty\cake\libs\view\helpers\javascript.php, line 328]
2011-04-24 00:34:38 Debug: Notice (8): Undefined offset:  1 in [D:\xampp\htdocs\iproperty\cake\libs\view\helpers\javascript.php, line 328]
2011-04-24 00:34:38 Debug: Notice (8): Undefined offset:  2 in [D:\xampp\htdocs\iproperty\cake\libs\view\helpers\javascript.php, line 328]
2011-04-24 00:34:38 Debug: Notice (8): Undefined offset:  3 in [D:\xampp\htdocs\iproperty\cake\libs\view\helpers\javascript.php, line 328]
2011-04-24 00:34:38 Debug: Notice (8): Undefined offset:  4 in [D:\xampp\htdocs\iproperty\cake\libs\view\helpers\javascript.php, line 328]
2011-04-24 00:35:21 Debug: Notice (8): Array to string conversion in [D:\xampp\htdocs\iproperty\cake\libs\view\helpers\javascript.php, line 325]
2011-04-24 00:35:21 Debug: Notice (8): Undefined offset:  0 in [D:\xampp\htdocs\iproperty\cake\libs\view\helpers\javascript.php, line 328]
2011-04-24 00:35:21 Debug: Notice (8): Undefined offset:  1 in [D:\xampp\htdocs\iproperty\cake\libs\view\helpers\javascript.php, line 328]
2011-04-24 00:35:21 Debug: Notice (8): Undefined offset:  2 in [D:\xampp\htdocs\iproperty\cake\libs\view\helpers\javascript.php, line 328]
2011-04-24 00:35:21 Debug: Notice (8): Undefined offset:  3 in [D:\xampp\htdocs\iproperty\cake\libs\view\helpers\javascript.php, line 328]
2011-04-24 00:35:21 Debug: Notice (8): Undefined offset:  4 in [D:\xampp\htdocs\iproperty\cake\libs\view\helpers\javascript.php, line 328]
2011-04-24 00:50:33 Debug: Notice (8): Undefined variable: name in [D:\xampp\htdocs\iproperty\cake\libs\view\view.php, line 378]
2011-04-24 00:50:33 Debug: Notice (8): Undefined variable: name in [D:\xampp\htdocs\iproperty\cake\libs\view\view.php, line 398]
2011-04-24 00:50:51 Debug: Notice (8): Undefined variable: name in [D:\xampp\htdocs\iproperty\cake\libs\view\view.php, line 378]
2011-04-24 00:50:51 Debug: Notice (8): Undefined variable: name in [D:\xampp\htdocs\iproperty\cake\libs\view\view.php, line 398]
2011-04-24 00:50:52 Debug: Notice (8): Undefined variable: name in [D:\xampp\htdocs\iproperty\cake\libs\view\view.php, line 378]
2011-04-24 00:50:52 Debug: Notice (8): Undefined variable: name in [D:\xampp\htdocs\iproperty\cake\libs\view\view.php, line 398]
2011-04-24 01:13:19 Debug: Notice (8): Undefined property: WebsController::$RequestHandler in [D:\xampp\htdocs\iproperty\app\controllers\webs_controller.php, line 16]
2011-04-24 01:13:21 Debug: Notice (8): Undefined property: WebsController::$RequestHandler in [D:\xampp\htdocs\iproperty\app\controllers\webs_controller.php, line 16]
2011-04-24 11:19:40 Debug: Notice (8): Undefined variable: content in [D:\xampp\htdocs\iproperty\app\views\layouts\default.ctp, line 89]
2011-04-24 11:19:41 Debug: Notice (8): Undefined variable: content in [D:\xampp\htdocs\iproperty\app\views\layouts\default.ctp, line 89]
2011-04-24 11:19:41 Debug: Notice (8): Undefined variable: content in [D:\xampp\htdocs\iproperty\app\views\layouts\default.ctp, line 89]
